# JRE version: Java(TM) SE Runtime Environment (16.0.1+9) (build 16.0.1+9-24)
# Java VM: Java HotSpot(TM) 64-Bit Server VM (16.0.1+9-24, mixed mode, sharing, tiered, compressed oops, compressed class ptrs, g1 gc, windows-amd64)
GC Precious Log:
 CPUs: 4 total, 4 available
 Memory: 6020M
 Large Page Support: Disabled
 NUMA Support: Disabled
 Compressed Oops: Enabled (32-bit)
 Heap Region Size: 1M
 Heap Min Capacity: 8M
 Heap Initial Capacity: 96M
 Heap Max Capacity: 1506M
 Pre-touch: Disabled
 Parallel Workers: 4
 Concurrent Workers: 1
 Concurrent Refinement Workers: 4
 Periodic GC: Disabled
Heap:
 garbage-first heap   total 196608K, used 1607K [0x00000000a1e00000, 0x0000000100000000)
  region size 1024K, 2 young (2048K), 2 survivors (2048K)
 Metaspace       used 888K, committed 1024K, reserved 1056768K
  class space    used 61K, committed 128K, reserved 1048576K
GC Heap History (20 events):
Event: 0.297 GC heap after
{Heap after GC invocations=1 (full 0):
 garbage-first heap   total 98304K, used 1456K [0x00000000a1e00000, 0x0000000100000000)
  region size 1024K, 2 young (2048K), 2 survivors (2048K)
 Metaspace       used 888K, committed 1024K, reserved 1056768K
  class space    used 61K, committed 128K, reserved 1048576K
}
Event: 0.306 GC heap before
{Heap before GC invocations=1 (full 0):
 garbage-first heap   total 98304K, used 18864K [0x00000000a1e00000, 0x0000000100000000)
  region size 1024K, 20 young (20480K), 2 survivors (2048K)
 Metaspace       used 888K, committed 1024K, reserved 1056768K
  class space    used 61K, committed 128K, reserved 1048576K
}
Event: 0.308 GC heap after
{Heap after GC invocations=2 (full 0):
 garbage-first heap   total 98304K, used 1550K [0x00000000a1e00000, 0x0000000100000000)
  region size 1024K, 2 young (2048K), 2 survivors (2048K)
 Metaspace       used 888K, committed 1024K, reserved 1056768K
  class space    used 61K, committed 128K, reserved 1048576K
}
Event: 0.343 GC heap before
{Heap before GC invocations=2 (full 0):
 garbage-first heap   total 98304K, used 56846K [0x00000000a1e00000, 0x0000000100000000)
  region size 1024K, 57 young (58368K), 2 survivors (2048K)
 Metaspace       used 888K, committed 1024K, reserved 1056768K
  class space    used 61K, committed 128K, reserved 1048576K
}
Event: 0.345 GC heap after
{Heap after GC invocations=3 (full 0):
 garbage-first heap   total 98304K, used 1603K [0x00000000a1e00000, 0x0000000100000000)
  region size 1024K, 2 young (2048K), 2 survivors (2048K)
 Metaspace       used 888K, committed 1024K, reserved 1056768K
  class space    used 61K, committed 128K, reserved 1048576K
}
Event: 0.361 GC heap before
{Heap before GC invocations=3 (full 0):
 garbage-first heap   total 98304K, used 56899K [0x00000000a1e00000, 0x0000000100000000)
  region size 1024K, 57 young (58368K), 2 survivors (2048K)
 Metaspace       used 888K, committed 1024K, reserved 1056768K
  class space    used 61K, committed 128K, reserved 1048576K
}
Event: 0.362 GC heap after
{Heap after GC invocations=4 (full 0):
 garbage-first heap   total 98304K, used 1499K [0x00000000a1e00000, 0x0000000100000000)
  region size 1024K, 2 young (2048K), 2 survivors (2048K)
 Metaspace       used 888K, committed 1024K, reserved 1056768K
  class space    used 61K, committed 128K, reserved 1048576K
}
Event: 0.379 GC heap before
{Heap before GC invocations=4 (full 0):
 garbage-first heap   total 98304K, used 56795K [0x00000000a1e00000, 0x0000000100000000)
  region size 1024K, 57 young (58368K), 2 survivors (2048K)
 Metaspace       used 888K, committed 1024K, reserved 1056768K
  class space    used 61K, committed 128K, reserved 1048576K
}
Event: 0.380 GC heap after
{Heap after GC invocations=5 (full 0):
 garbage-first heap   total 98304K, used 1502K [0x00000000a1e00000, 0x0000000100000000)
  region size 1024K, 2 young (2048K), 2 survivors (2048K)
 Metaspace       used 888K, committed 1024K, reserved 1056768K
  class space    used 61K, committed 128K, reserved 1048576K
}
Event: 0.396 GC heap before
{Heap before GC invocations=5 (full 0):
 garbage-first heap   total 98304K, used 56798K [0x00000000a1e00000, 0x0000000100000000)
  region size 1024K, 57 young (58368K), 2 survivors (2048K)
 Metaspace       used 888K, committed 1024K, reserved 1056768K
  class space    used 61K, committed 128K, reserved 1048576K
}
Event: 0.447 GC heap after
{Heap after GC invocations=6 (full 0):
 garbage-first heap   total 196608K, used 1609K [0x00000000a1e00000, 0x0000000100000000)
  region size 1024K, 2 young (2048K), 2 survivors (2048K)
 Metaspace       used 888K, committed 1024K, reserved 1056768K
  class space    used 61K, committed 128K, reserved 1048576K
}
Event: 0.522 GC heap before
{Heap before GC invocations=6 (full 0):
 garbage-first heap   total 196608K, used 116297K [0x00000000a1e00000, 0x0000000100000000)
  region size 1024K, 115 young (117760K), 2 survivors (2048K)
 Metaspace       used 888K, committed 1024K, reserved 1056768K
  class space    used 61K, committed 128K, reserved 1048576K
}
Event: 0.524 GC heap after
{Heap after GC invocations=7 (full 0):
 garbage-first heap   total 196608K, used 1578K [0x00000000a1e00000, 0x0000000100000000)
  region size 1024K, 2 young (2048K), 2 survivors (2048K)
 Metaspace       used 888K, committed 1024K, reserved 1056768K
  class space    used 61K, committed 128K, reserved 1048576K
}
Event: 0.551 GC heap before
{Heap before GC invocations=7 (full 0):
 garbage-first heap   total 196608K, used 116266K [0x00000000a1e00000, 0x0000000100000000)
  region size 1024K, 115 young (117760K), 2 survivors (2048K)
 Metaspace       used 888K, committed 1024K, reserved 1056768K
  class space    used 61K, committed 128K, reserved 1048576K
}
Event: 0.552 GC heap after
{Heap after GC invocations=8 (full 0):
 garbage-first heap   total 196608K, used 1574K [0x00000000a1e00000, 0x0000000100000000)
  region size 1024K, 2 young (2048K), 2 survivors (2048K)
 Metaspace       used 888K, committed 1024K, reserved 1056768K
  class space    used 61K, committed 128K, reserved 1048576K
}
Event: 0.584 GC heap before
{Heap before GC invocations=8 (full 0):
 garbage-first heap   total 196608K, used 116262K [0x00000000a1e00000, 0x0000000100000000)
  region size 1024K, 115 young (117760K), 2 survivors (2048K)
 Metaspace       used 888K, committed 1024K, reserved 1056768K
  class space    used 61K, committed 128K, reserved 1048576K
}
Event: 0.586 GC heap after
{Heap after GC invocations=9 (full 0):
 garbage-first heap   total 196608K, used 1617K [0x00000000a1e00000, 0x0000000100000000)
  region size 1024K, 2 young (2048K), 2 survivors (2048K)
 Metaspace       used 888K, committed 1024K, reserved 1056768K
  class space    used 61K, committed 128K, reserved 1048576K
}
Event: 0.622 GC heap before
{Heap before GC invocations=9 (full 0):
 garbage-first heap   total 196608K, used 116305K [0x00000000a1e00000, 0x0000000100000000)
  region size 1024K, 115 young (117760K), 2 survivors (2048K)
 Metaspace       used 888K, committed 1024K, reserved 1056768K
  class space    used 61K, committed 128K, reserved 1048576K
}
Event: 0.624 GC heap after
{Heap after GC invocations=10 (full 0):
 garbage-first heap   total 196608K, used 1793K [0x00000000a1e00000, 0x0000000100000000)
  region size 1024K, 2 young (2048K), 2 survivors (2048K)
 Metaspace       used 888K, committed 1024K, reserved 1056768K
  class space    used 61K, committed 128K, reserved 1048576K
}
Event: 0.664 GC heap before
{Heap before GC invocations=10 (full 0):
 garbage-first heap   total 196608K, used 116481K [0x00000000a1e00000, 0x0000000100000000)
  region size 1024K, 115 young (117760K), 2 survivors (2048K)
 Metaspace       used 888K, committed 1024K, reserved 1056768K
  class space    used 61K, committed 128K, reserved 1048576K
}

